c:\users\erike\desktop\3dv2\release\vc141.pdb
c:\users\erike\desktop\3dv2\release\main.obj
c:\users\erike\desktop\3dv2\release\imgui_widgets.obj
c:\users\erike\desktop\3dv2\release\imgui_impl_win32.obj
c:\users\erike\desktop\3dv2\release\imgui_impl_opengl3.obj
c:\users\erike\desktop\3dv2\release\imgui_impl_glfw.obj
c:\users\erike\desktop\3dv2\release\imgui_draw.obj
c:\users\erike\desktop\3dv2\release\imgui_demo.obj
c:\users\erike\desktop\3dv2\release\imgui.obj
c:\users\erike\desktop\3dv2\release\demo.ipdb
c:\users\erike\desktop\3dv2\release\demo.iobj
c:\users\erike\desktop\3dv2\release\demo.exe
c:\users\erike\desktop\3dv2\release\demo.pdb
c:\users\erike\desktop\dv1542 3d programming project\release\imgui.obj
c:\users\erike\desktop\dv1542 3d programming project\release\imgui_demo.obj
c:\users\erike\desktop\dv1542 3d programming project\release\imgui_draw.obj
c:\users\erike\desktop\dv1542 3d programming project\release\imgui_impl_glfw.obj
c:\users\erike\desktop\dv1542 3d programming project\release\imgui_impl_opengl3.obj
c:\users\erike\desktop\dv1542 3d programming project\release\imgui_impl_win32.obj
c:\users\erike\desktop\dv1542 3d programming project\release\imgui_widgets.obj
c:\users\erike\desktop\dv1542 3d programming project\release\main.obj
c:\users\erike\desktop\dv1542 3d programming project\release\demo.ipdb
c:\users\erike\desktop\dv1542 3d programming project\release\demo.iobj
c:\users\erike\desktop\dv1542 3d programming project\release\demo.pdb
c:\users\erike\desktop\dv1542 3d programming project\release\vc141.pdb
c:\users\erike\desktop\dv1542 3d programming project\release\demo.exe
c:\users\erike\desktop\dv1542 3d programming project\release\demo.tlog\cl.command.1.tlog
c:\users\erike\desktop\dv1542 3d programming project\release\demo.tlog\cl.read.1.tlog
c:\users\erike\desktop\dv1542 3d programming project\release\demo.tlog\cl.write.1.tlog
c:\users\erike\desktop\dv1542 3d programming project\release\demo.tlog\demo.write.1u.tlog
c:\users\erike\desktop\dv1542 3d programming project\release\demo.tlog\link.command.1.tlog
c:\users\erike\desktop\dv1542 3d programming project\release\demo.tlog\link.read.1.tlog
c:\users\erike\desktop\dv1542 3d programming project\release\demo.tlog\link.write.1.tlog
